# Logfile created on 2014-01-10 15:27:57 -0800 by logger.rb/36483
I, [2014-01-10T15:27:57.125681 #55105]  INFO -- : 0:  json (1.8.1) from /Users/user/.rbenv/versions/2.0.0-p247/lib/ruby/gems/2.0.0/specifications/json-1.8.1.gemspec
I, [2014-01-10T15:27:57.841035 #55105]  INFO -- : 0:  mini_portile (0.5.2) from /Users/user/.rbenv/versions/2.0.0-p247/lib/ruby/gems/2.0.0/specifications/mini_portile-0.5.2.gemspec
I, [2014-01-10T15:29:22.405625 #55105]  INFO -- : 0:  nokogiri (1.6.1) from /Users/user/.rbenv/versions/2.0.0-p247/lib/ruby/gems/2.0.0/specifications/nokogiri-1.6.1.gemspec
I, [2014-01-10T15:29:23.497089 #55105]  INFO -- : 0:  uuidtools (2.1.4) from /Users/user/.rbenv/versions/2.0.0-p247/lib/ruby/gems/2.0.0/specifications/uuidtools-2.1.4.gemspec
I, [2014-01-10T15:29:25.874057 #55105]  INFO -- : 0:  aws-sdk (1.32.0) from /Users/user/.rbenv/versions/2.0.0-p247/lib/ruby/gems/2.0.0/specifications/aws-sdk-1.32.0.gemspec
I, [2014-01-10T15:29:26.589995 #55105]  INFO -- : 0:  bson (1.9.2) from /Users/user/.rbenv/versions/2.0.0-p247/lib/ruby/gems/2.0.0/specifications/bson-1.9.2.gemspec
I, [2014-01-10T15:29:27.630847 #55105]  INFO -- : 0:  fast-stemmer (1.0.2) from /Users/user/.rbenv/versions/2.0.0-p247/lib/ruby/gems/2.0.0/specifications/fast-stemmer-1.0.2.gemspec
I, [2014-01-10T15:29:28.619871 #55105]  INFO -- : 0:  mongo (1.9.2) from /Users/user/.rbenv/versions/2.0.0-p247/lib/ruby/gems/2.0.0/specifications/mongo-1.9.2.gemspec
E, [2014-01-10T15:29:32.127445 #55105] ERROR -- : Gem::Installer::ExtensionBuildError: ERROR: Failed to build gem native extension.

    /Users/user/.rbenv/versions/2.0.0-p247/bin/ruby extconf.rb 
checking for Ruby version >= 1.8.5... yes
checking for clang... yes
checking for Magick-config... no
Can't install RMagick 2.13.2. Can't find Magick-config in /Users/user/.rbenv/versions/2.0.0-p247/bin:/usr/local/Cellar/rbenv/0.4.0/libexec:/Users/user/.rbenv/shims:/usr/local/bin:/usr/bin:/bin:/usr/sbin:/sbin:/usr/local/bin

*** extconf.rb failed ***
Could not create Makefile due to some reason, probably lack of necessary
libraries and/or headers.  Check the mkmf.log file for more details.  You may
need configuration options.

Provided configuration options:
	--with-opt-dir
	--without-opt-dir
	--with-opt-include
	--without-opt-include=${opt-dir}/include
	--with-opt-lib
	--without-opt-lib=${opt-dir}/lib
	--with-make-prog
	--without-make-prog
	--srcdir=.
	--curdir
	--ruby=/Users/user/.rbenv/versions/2.0.0-p247/bin/ruby


Gem files will remain installed in /Users/user/.rbenv/versions/2.0.0-p247/lib/ruby/gems/2.0.0/gems/rmagick-2.13.2 for inspection.
Results logged to /Users/user/.rbenv/versions/2.0.0-p247/lib/ruby/gems/2.0.0/gems/rmagick-2.13.2/ext/RMagick/gem_make.out

/Users/user/.rbenv/versions/2.0.0-p247/lib/ruby/2.0.0/rubygems/ext/builder.rb:60:in `run'  \n/Users/user/.rbenv/versions/2.0.0-p247/lib/ruby/2.0.0/rubygems/ext/ext_conf_builder.rb:37:in `block in build'  \n/Users/user/.rbenv/versions/2.0.0-p247/lib/ruby/2.0.0/tempfile.rb:324:in `open'  \n/Users/user/.rbenv/versions/2.0.0-p247/lib/ruby/2.0.0/rubygems/ext/ext_conf_builder.rb:18:in `build'  \n/Users/user/.rbenv/versions/2.0.0-p247/lib/ruby/2.0.0/rubygems/installer.rb:678:in `block (2 levels) in build_extensions'  \n/Users/user/.rbenv/versions/2.0.0-p247/lib/ruby/2.0.0/rubygems/installer.rb:677:in `chdir'  \n/Users/user/.rbenv/versions/2.0.0-p247/lib/ruby/2.0.0/rubygems/installer.rb:677:in `block in build_extensions'  \n/Users/user/.rbenv/versions/2.0.0-p247/lib/ruby/2.0.0/rubygems/installer.rb:652:in `each'  \n/Users/user/.rbenv/versions/2.0.0-p247/lib/ruby/2.0.0/rubygems/installer.rb:652:in `build_extensions'  \n/Users/user/.rbenv/versions/2.0.0-p247/lib/ruby/2.0.0/rubygems/installer.rb:218:in `install'  \n/Users/user/.rbenv/versions/2.0.0-p247/lib/ruby/gems/2.0.0/gems/bundler-1.5.1/lib/bundler/source/rubygems.rb:101:in `block in install'  \n/Users/user/.rbenv/versions/2.0.0-p247/lib/ruby/gems/2.0.0/gems/bundler-1.5.1/lib/bundler/rubygems_integration.rb:118:in `preserve_paths'  \n/Users/user/.rbenv/versions/2.0.0-p247/lib/ruby/gems/2.0.0/gems/bundler-1.5.1/lib/bundler/source/rubygems.rb:94:in `install'  \n/Users/user/.rbenv/versions/2.0.0-p247/lib/ruby/gems/2.0.0/gems/bundler-1.5.1/lib/bundler/installer.rb:111:in `block in install_gem_from_spec'  \n/Users/user/.rbenv/versions/2.0.0-p247/lib/ruby/gems/2.0.0/gems/bundler-1.5.1/lib/bundler/rubygems_integration.rb:150:in `with_build_args'  \n/Users/user/.rbenv/versions/2.0.0-p247/lib/ruby/gems/2.0.0/gems/bundler-1.5.1/lib/bundler/installer.rb:110:in `install_gem_from_spec'  \n/Users/user/.rbenv/versions/2.0.0-p247/lib/ruby/gems/2.0.0/gems/bundler-1.5.1/lib/bundler/installer.rb:295:in `block in install_sequentially'  \n/Users/user/.rbenv/versions/2.0.0-p247/lib/ruby/2.0.0/forwardable.rb:171:in `each'  \n/Users/user/.rbenv/versions/2.0.0-p247/lib/ruby/2.0.0/forwardable.rb:171:in `each'  \n/Users/user/.rbenv/versions/2.0.0-p247/lib/ruby/gems/2.0.0/gems/bundler-1.5.1/lib/bundler/installer.rb:294:in `install_sequentially'  \n/Users/user/.rbenv/versions/2.0.0-p247/lib/ruby/gems/2.0.0/gems/bundler-1.5.1/lib/bundler/installer.rb:97:in `run'  \n/Users/user/.rbenv/versions/2.0.0-p247/lib/ruby/gems/2.0.0/gems/bundler-1.5.1/lib/bundler/installer.rb:15:in `install'  \n/Users/user/.rbenv/versions/2.0.0-p247/lib/ruby/gems/2.0.0/gems/bundler-1.5.1/lib/bundler/cli.rb:257:in `install'  \n/Users/user/.rbenv/versions/2.0.0-p247/lib/ruby/gems/2.0.0/gems/bundler-1.5.1/lib/bundler/vendor/thor/command.rb:27:in `run'  \n/Users/user/.rbenv/versions/2.0.0-p247/lib/ruby/gems/2.0.0/gems/bundler-1.5.1/lib/bundler/vendor/thor/invocation.rb:120:in `invoke_command'  \n/Users/user/.rbenv/versions/2.0.0-p247/lib/ruby/gems/2.0.0/gems/bundler-1.5.1/lib/bundler/vendor/thor.rb:363:in `dispatch'  \n/Users/user/.rbenv/versions/2.0.0-p247/lib/ruby/gems/2.0.0/gems/bundler-1.5.1/lib/bundler/vendor/thor/base.rb:438:in `start'  \n/Users/user/.rbenv/versions/2.0.0-p247/lib/ruby/gems/2.0.0/gems/bundler-1.5.1/lib/bundler/cli.rb:10:in `start'  \n/Users/user/.rbenv/versions/2.0.0-p247/lib/ruby/gems/2.0.0/gems/bundler-1.5.1/bin/bundle:22:in `block in <top (required)>'  \n/Users/user/.rbenv/versions/2.0.0-p247/lib/ruby/gems/2.0.0/gems/bundler-1.5.1/lib/bundler/friendly_errors.rb:5:in `with_friendly_errors'  \n/Users/user/.rbenv/versions/2.0.0-p247/lib/ruby/gems/2.0.0/gems/bundler-1.5.1/bin/bundle:22:in `<top (required)>'  \n/Users/user/.rbenv/versions/2.0.0-p247/bin/bundle:23:in `load'  \n/Users/user/.rbenv/versions/2.0.0-p247/bin/bundle:23:in `<main>'
I, [2014-01-10T15:32:53.926167 #71291]  INFO -- : 0:  json (1.8.1) from /Users/user/.rbenv/versions/2.0.0-p247/lib/ruby/gems/2.0.0/specifications/json-1.8.1.gemspec
I, [2014-01-10T15:32:53.926598 #71291]  INFO -- : 0:  mini_portile (0.5.2) from /Users/user/.rbenv/versions/2.0.0-p247/lib/ruby/gems/2.0.0/specifications/mini_portile-0.5.2.gemspec
I, [2014-01-10T15:32:53.926849 #71291]  INFO -- : 0:  nokogiri (1.6.1) from /Users/user/.rbenv/versions/2.0.0-p247/lib/ruby/gems/2.0.0/specifications/nokogiri-1.6.1.gemspec
I, [2014-01-10T15:32:53.927075 #71291]  INFO -- : 0:  uuidtools (2.1.4) from /Users/user/.rbenv/versions/2.0.0-p247/lib/ruby/gems/2.0.0/specifications/uuidtools-2.1.4.gemspec
I, [2014-01-10T15:32:53.927300 #71291]  INFO -- : 0:  aws-sdk (1.32.0) from /Users/user/.rbenv/versions/2.0.0-p247/lib/ruby/gems/2.0.0/specifications/aws-sdk-1.32.0.gemspec
I, [2014-01-10T15:32:53.927515 #71291]  INFO -- : 0:  bson (1.9.2) from /Users/user/.rbenv/versions/2.0.0-p247/lib/ruby/gems/2.0.0/specifications/bson-1.9.2.gemspec
I, [2014-01-10T15:32:53.927731 #71291]  INFO -- : 0:  fast-stemmer (1.0.2) from /Users/user/.rbenv/versions/2.0.0-p247/lib/ruby/gems/2.0.0/specifications/fast-stemmer-1.0.2.gemspec
I, [2014-01-10T15:32:53.927948 #71291]  INFO -- : 0:  mongo (1.9.2) from /Users/user/.rbenv/versions/2.0.0-p247/lib/ruby/gems/2.0.0/specifications/mongo-1.9.2.gemspec
I, [2014-01-10T15:33:02.697895 #71291]  INFO -- : 0:  rmagick (2.13.2) from /Users/user/.rbenv/versions/2.0.0-p247/lib/ruby/gems/2.0.0/specifications/rmagick-2.13.2.gemspec
I, [2014-01-10T15:33:02.698427 #71291]  INFO -- : 0:  bundler (1.5.1) from /Users/user/.rbenv/versions/2.0.0-p247/lib/ruby/gems/2.0.0/specifications/bundler-1.5.1.gemspec
I, [2014-01-10T15:33:51.382719 #71792]  INFO -- : 0:  activesupport (3.0.0) from /Users/user/.rbenv/versions/2.0.0-p247/lib/ruby/gems/2.0.0/specifications/activesupport-3.0.0.gemspec
I, [2014-01-10T15:33:53.853717 #71792]  INFO -- : 0:  active_support (3.0.0) from /Users/user/.rbenv/versions/2.0.0-p247/lib/ruby/gems/2.0.0/specifications/active_support-3.0.0.gemspec
I, [2014-01-10T15:33:53.854006 #71792]  INFO -- : 0:  json (1.8.1) from /Users/user/.rbenv/versions/2.0.0-p247/lib/ruby/gems/2.0.0/specifications/json-1.8.1.gemspec
I, [2014-01-10T15:33:53.854232 #71792]  INFO -- : 0:  mini_portile (0.5.2) from /Users/user/.rbenv/versions/2.0.0-p247/lib/ruby/gems/2.0.0/specifications/mini_portile-0.5.2.gemspec
I, [2014-01-10T15:33:53.854453 #71792]  INFO -- : 0:  nokogiri (1.6.1) from /Users/user/.rbenv/versions/2.0.0-p247/lib/ruby/gems/2.0.0/specifications/nokogiri-1.6.1.gemspec
I, [2014-01-10T15:33:53.854669 #71792]  INFO -- : 0:  uuidtools (2.1.4) from /Users/user/.rbenv/versions/2.0.0-p247/lib/ruby/gems/2.0.0/specifications/uuidtools-2.1.4.gemspec
I, [2014-01-10T15:33:53.854884 #71792]  INFO -- : 0:  aws-sdk (1.32.0) from /Users/user/.rbenv/versions/2.0.0-p247/lib/ruby/gems/2.0.0/specifications/aws-sdk-1.32.0.gemspec
I, [2014-01-10T15:33:53.855096 #71792]  INFO -- : 0:  bson (1.9.2) from /Users/user/.rbenv/versions/2.0.0-p247/lib/ruby/gems/2.0.0/specifications/bson-1.9.2.gemspec
I, [2014-01-10T15:33:53.855311 #71792]  INFO -- : 0:  fast-stemmer (1.0.2) from /Users/user/.rbenv/versions/2.0.0-p247/lib/ruby/gems/2.0.0/specifications/fast-stemmer-1.0.2.gemspec
I, [2014-01-10T15:33:53.855523 #71792]  INFO -- : 0:  mongo (1.9.2) from /Users/user/.rbenv/versions/2.0.0-p247/lib/ruby/gems/2.0.0/specifications/mongo-1.9.2.gemspec
I, [2014-01-10T15:33:53.855743 #71792]  INFO -- : 0:  rmagick (2.13.2) from /Users/user/.rbenv/versions/2.0.0-p247/lib/ruby/gems/2.0.0/specifications/rmagick-2.13.2.gemspec
I, [2014-01-10T15:33:53.855932 #71792]  INFO -- : 0:  bundler (1.5.1) from /Users/user/.rbenv/versions/2.0.0-p247/lib/ruby/gems/2.0.0/specifications/bundler-1.5.1.gemspec
I, [2014-01-10T15:36:02.472234 #71869]  INFO -- : 0:  activesupport (3.0.0) from /Users/user/.rbenv/versions/2.0.0-p247/lib/ruby/gems/2.0.0/specifications/activesupport-3.0.0.gemspec
I, [2014-01-10T15:36:02.472577 #71869]  INFO -- : 0:  active_support (3.0.0) from /Users/user/.rbenv/versions/2.0.0-p247/lib/ruby/gems/2.0.0/specifications/active_support-3.0.0.gemspec
I, [2014-01-10T15:36:02.472831 #71869]  INFO -- : 0:  json (1.8.1) from /Users/user/.rbenv/versions/2.0.0-p247/lib/ruby/gems/2.0.0/specifications/json-1.8.1.gemspec
I, [2014-01-10T15:36:02.473079 #71869]  INFO -- : 0:  mini_portile (0.5.2) from /Users/user/.rbenv/versions/2.0.0-p247/lib/ruby/gems/2.0.0/specifications/mini_portile-0.5.2.gemspec
I, [2014-01-10T15:36:02.473311 #71869]  INFO -- : 0:  nokogiri (1.6.1) from /Users/user/.rbenv/versions/2.0.0-p247/lib/ruby/gems/2.0.0/specifications/nokogiri-1.6.1.gemspec
I, [2014-01-10T15:36:02.473537 #71869]  INFO -- : 0:  uuidtools (2.1.4) from /Users/user/.rbenv/versions/2.0.0-p247/lib/ruby/gems/2.0.0/specifications/uuidtools-2.1.4.gemspec
I, [2014-01-10T15:36:02.473760 #71869]  INFO -- : 0:  aws-sdk (1.32.0) from /Users/user/.rbenv/versions/2.0.0-p247/lib/ruby/gems/2.0.0/specifications/aws-sdk-1.32.0.gemspec
I, [2014-01-10T15:36:02.473988 #71869]  INFO -- : 0:  bson (1.9.2) from /Users/user/.rbenv/versions/2.0.0-p247/lib/ruby/gems/2.0.0/specifications/bson-1.9.2.gemspec
I, [2014-01-10T15:36:02.474210 #71869]  INFO -- : 0:  fast-stemmer (1.0.2) from /Users/user/.rbenv/versions/2.0.0-p247/lib/ruby/gems/2.0.0/specifications/fast-stemmer-1.0.2.gemspec
I, [2014-01-10T15:36:03.730719 #71869]  INFO -- : 0:  i18n (0.6.9) from /Users/user/.rbenv/versions/2.0.0-p247/lib/ruby/gems/2.0.0/specifications/i18n-0.6.9.gemspec
I, [2014-01-10T15:36:03.731071 #71869]  INFO -- : 0:  mongo (1.9.2) from /Users/user/.rbenv/versions/2.0.0-p247/lib/ruby/gems/2.0.0/specifications/mongo-1.9.2.gemspec
I, [2014-01-10T15:36:03.731311 #71869]  INFO -- : 0:  rmagick (2.13.2) from /Users/user/.rbenv/versions/2.0.0-p247/lib/ruby/gems/2.0.0/specifications/rmagick-2.13.2.gemspec
I, [2014-01-10T15:36:03.731535 #71869]  INFO -- : 0:  bundler (1.5.1) from /Users/user/.rbenv/versions/2.0.0-p247/lib/ruby/gems/2.0.0/specifications/bundler-1.5.1.gemspec
I, [2014-01-10T15:36:52.943985 #71910]  INFO -- : 0:  rake (10.1.1) from /Users/user/.rbenv/versions/2.0.0-p247/lib/ruby/gems/2.0.0/specifications/rake-10.1.1.gemspec
I, [2014-01-10T15:36:52.944327 #71910]  INFO -- : 0:  i18n (0.6.9) from /Users/user/.rbenv/versions/2.0.0-p247/lib/ruby/gems/2.0.0/specifications/i18n-0.6.9.gemspec
I, [2014-01-10T15:36:53.739203 #71910]  INFO -- : 0:  minitest (4.7.5) from /Users/user/.rbenv/versions/2.0.0-p247/lib/ruby/gems/2.0.0/specifications/minitest-4.7.5.gemspec
I, [2014-01-10T15:36:54.471585 #71910]  INFO -- : 0:  multi_json (1.8.4) from /Users/user/.rbenv/versions/2.0.0-p247/lib/ruby/gems/2.0.0/specifications/multi_json-1.8.4.gemspec
I, [2014-01-10T15:36:55.383426 #71910]  INFO -- : 0:  atomic (1.1.14) from /Users/user/.rbenv/versions/2.0.0-p247/lib/ruby/gems/2.0.0/specifications/atomic-1.1.14.gemspec
I, [2014-01-10T15:36:56.448927 #71910]  INFO -- : 0:  thread_safe (0.1.3) from /Users/user/.rbenv/versions/2.0.0-p247/lib/ruby/gems/2.0.0/specifications/thread_safe-0.1.3.gemspec
I, [2014-01-10T15:36:58.116903 #71910]  INFO -- : 0:  tzinfo (0.3.38) from /Users/user/.rbenv/versions/2.0.0-p247/lib/ruby/gems/2.0.0/specifications/tzinfo-0.3.38.gemspec
I, [2014-01-10T15:36:59.502650 #71910]  INFO -- : 0:  activesupport (4.0.2) from /Users/user/.rbenv/versions/2.0.0-p247/lib/ruby/gems/2.0.0/specifications/activesupport-4.0.2.gemspec
I, [2014-01-10T15:37:00.662350 #71910]  INFO -- : 0:  builder (3.1.4) from /Users/user/.rbenv/versions/2.0.0-p247/lib/ruby/gems/2.0.0/specifications/builder-3.1.4.gemspec
I, [2014-01-10T15:37:02.638944 #71910]  INFO -- : 0:  erubis (2.7.0) from /Users/user/.rbenv/versions/2.0.0-p247/lib/ruby/gems/2.0.0/specifications/erubis-2.7.0.gemspec
I, [2014-01-10T15:37:03.939355 #71910]  INFO -- : 0:  rack (1.5.2) from /Users/user/.rbenv/versions/2.0.0-p247/lib/ruby/gems/2.0.0/specifications/rack-1.5.2.gemspec
I, [2014-01-10T15:37:05.367830 #71910]  INFO -- : 0:  rack-test (0.6.2) from /Users/user/.rbenv/versions/2.0.0-p247/lib/ruby/gems/2.0.0/specifications/rack-test-0.6.2.gemspec
I, [2014-01-10T15:37:06.873297 #71910]  INFO -- : 0:  actionpack (4.0.2) from /Users/user/.rbenv/versions/2.0.0-p247/lib/ruby/gems/2.0.0/specifications/actionpack-4.0.2.gemspec
I, [2014-01-10T15:37:07.982424 #71910]  INFO -- : 0:  mime-types (1.25.1) from /Users/user/.rbenv/versions/2.0.0-p247/lib/ruby/gems/2.0.0/specifications/mime-types-1.25.1.gemspec
I, [2014-01-10T15:37:08.659077 #71910]  INFO -- : 0:  polyglot (0.3.3) from /Users/user/.rbenv/versions/2.0.0-p247/lib/ruby/gems/2.0.0/specifications/polyglot-0.3.3.gemspec
I, [2014-01-10T15:37:09.601702 #71910]  INFO -- : 0:  treetop (1.4.15) from /Users/user/.rbenv/versions/2.0.0-p247/lib/ruby/gems/2.0.0/specifications/treetop-1.4.15.gemspec
I, [2014-01-10T15:37:11.375700 #71910]  INFO -- : 0:  mail (2.5.4) from /Users/user/.rbenv/versions/2.0.0-p247/lib/ruby/gems/2.0.0/specifications/mail-2.5.4.gemspec
I, [2014-01-10T15:37:12.170777 #71910]  INFO -- : 0:  actionmailer (4.0.2) from /Users/user/.rbenv/versions/2.0.0-p247/lib/ruby/gems/2.0.0/specifications/actionmailer-4.0.2.gemspec
I, [2014-01-10T15:37:13.023918 #71910]  INFO -- : 0:  activemodel (4.0.2) from /Users/user/.rbenv/versions/2.0.0-p247/lib/ruby/gems/2.0.0/specifications/activemodel-4.0.2.gemspec
I, [2014-01-10T15:37:13.728673 #71910]  INFO -- : 0:  activerecord-deprecated_finders (1.0.3) from /Users/user/.rbenv/versions/2.0.0-p247/lib/ruby/gems/2.0.0/specifications/activerecord-deprecated_finders-1.0.3.gemspec
I, [2014-01-10T15:37:14.612200 #71910]  INFO -- : 0:  arel (4.0.1) from /Users/user/.rbenv/versions/2.0.0-p247/lib/ruby/gems/2.0.0/specifications/arel-4.0.1.gemspec
I, [2014-01-10T15:37:16.935359 #71910]  INFO -- : 0:  activerecord (4.0.2) from /Users/user/.rbenv/versions/2.0.0-p247/lib/ruby/gems/2.0.0/specifications/activerecord-4.0.2.gemspec
I, [2014-01-10T15:37:16.935735 #71910]  INFO -- : 0:  json (1.8.1) from /Users/user/.rbenv/versions/2.0.0-p247/lib/ruby/gems/2.0.0/specifications/json-1.8.1.gemspec
I, [2014-01-10T15:37:16.935970 #71910]  INFO -- : 0:  mini_portile (0.5.2) from /Users/user/.rbenv/versions/2.0.0-p247/lib/ruby/gems/2.0.0/specifications/mini_portile-0.5.2.gemspec
I, [2014-01-10T15:37:16.936200 #71910]  INFO -- : 0:  nokogiri (1.6.1) from /Users/user/.rbenv/versions/2.0.0-p247/lib/ruby/gems/2.0.0/specifications/nokogiri-1.6.1.gemspec
I, [2014-01-10T15:37:16.936425 #71910]  INFO -- : 0:  uuidtools (2.1.4) from /Users/user/.rbenv/versions/2.0.0-p247/lib/ruby/gems/2.0.0/specifications/uuidtools-2.1.4.gemspec
I, [2014-01-10T15:37:16.936658 #71910]  INFO -- : 0:  aws-sdk (1.32.0) from /Users/user/.rbenv/versions/2.0.0-p247/lib/ruby/gems/2.0.0/specifications/aws-sdk-1.32.0.gemspec
I, [2014-01-10T15:37:16.936885 #71910]  INFO -- : 0:  bson (1.9.2) from /Users/user/.rbenv/versions/2.0.0-p247/lib/ruby/gems/2.0.0/specifications/bson-1.9.2.gemspec
I, [2014-01-10T15:37:16.937081 #71910]  INFO -- : 0:  bundler (1.5.1) from /Users/user/.rbenv/versions/2.0.0-p247/lib/ruby/gems/2.0.0/specifications/bundler-1.5.1.gemspec
I, [2014-01-10T15:37:16.937307 #71910]  INFO -- : 0:  fast-stemmer (1.0.2) from /Users/user/.rbenv/versions/2.0.0-p247/lib/ruby/gems/2.0.0/specifications/fast-stemmer-1.0.2.gemspec
I, [2014-01-10T15:37:17.626719 #71910]  INFO -- : 0:  hike (1.2.3) from /Users/user/.rbenv/versions/2.0.0-p247/lib/ruby/gems/2.0.0/specifications/hike-1.2.3.gemspec
I, [2014-01-10T15:37:17.627017 #71910]  INFO -- : 0:  mongo (1.9.2) from /Users/user/.rbenv/versions/2.0.0-p247/lib/ruby/gems/2.0.0/specifications/mongo-1.9.2.gemspec
I, [2014-01-10T15:37:19.393048 #71910]  INFO -- : 0:  thor (0.18.1) from /Users/user/.rbenv/versions/2.0.0-p247/lib/ruby/gems/2.0.0/specifications/thor-0.18.1.gemspec
I, [2014-01-10T15:37:20.630209 #71910]  INFO -- : 0:  railties (4.0.2) from /Users/user/.rbenv/versions/2.0.0-p247/lib/ruby/gems/2.0.0/specifications/railties-4.0.2.gemspec
I, [2014-01-10T15:37:21.524559 #71910]  INFO -- : 0:  tilt (1.4.1) from /Users/user/.rbenv/versions/2.0.0-p247/lib/ruby/gems/2.0.0/specifications/tilt-1.4.1.gemspec
I, [2014-01-10T15:37:22.711799 #71910]  INFO -- : 0:  sprockets (2.10.1) from /Users/user/.rbenv/versions/2.0.0-p247/lib/ruby/gems/2.0.0/specifications/sprockets-2.10.1.gemspec
I, [2014-01-10T15:37:23.359768 #71910]  INFO -- : 0:  sprockets-rails (2.0.1) from /Users/user/.rbenv/versions/2.0.0-p247/lib/ruby/gems/2.0.0/specifications/sprockets-rails-2.0.1.gemspec
I, [2014-01-10T15:37:27.897341 #71910]  INFO -- : 0:  rails (4.0.2) from /Users/user/.rbenv/versions/2.0.0-p247/lib/ruby/gems/2.0.0/specifications/rails-4.0.2.gemspec
I, [2014-01-10T15:37:27.897707 #71910]  INFO -- : 0:  rmagick (2.13.2) from /Users/user/.rbenv/versions/2.0.0-p247/lib/ruby/gems/2.0.0/specifications/rmagick-2.13.2.gemspec
